/home/eythan/Epitech/Drominator/.venv/lib/python3.12/site-packages/stable_baselines3/common/on_policy_algorithm.py:150: UserWarning: You are trying to run PPO on the GPU, but it is primarily intended to run on the CPU when not using a CNN policy (you are using ActorCriticPolicy which should be a MlpPolicy). See https://github.com/DLR-RM/stable-baselines3/issues/1245 for more info. You can pass `device='cpu'` or `export CUDA_VISIBLE_DEVICES=` to force using the CPU.Note: The model will train, but the GPU utilization will be poor and the training might take longer than on CPU.
  warnings.warn(
Using cuda device
[TRAIN] 8 envs | 3,000,000 steps cibles | Ctrl+C pour sauvegarder
Logging to /home/eythan/Epitech/Drominator/ai/logs/PPO_0
---------------------------------
| rollout/           |          |
|    ep_len_mean     | 966      |
|    ep_rew_mean     | 23.5     |
| time/              |          |
|    fps             | 2279     |
|    iterations      | 1        |
|    time_elapsed    | 7        |
|    total_timesteps | 16384    |
---------------------------------
-----------------------------------------
| rollout/                |             |
|    ep_len_mean          | 1.22e+03    |
|    ep_rew_mean          | 30.5        |
| time/                   |             |
|    fps                  | 2025        |
|    iterations           | 2           |
|    time_elapsed         | 16          |
|    total_timesteps      | 32768       |
| train/                  |             |
|    approx_kl            | 0.015976664 |
|    clip_fraction        | 0.213       |
|    clip_range           | 0.2         |
|    entropy_loss         | -5.71       |
|    explained_variance   | 0.286       |
|    learning_rate        | 0.0003      |
|    loss                 | -0.0485     |
|    n_updates            | 10          |
|    policy_gradient_loss | -0.0203     |
|    std                  | 1.01        |
|    value_loss           | 0.0518      |
-----------------------------------------
-----------------------------------------
| rollout/                |             |
|    ep_len_mean          | 762         |
|    ep_rew_mean          | 16.6        |
| time/                   |             |
|    fps                  | 1989        |
|    iterations           | 3           |
|    time_elapsed         | 24          |
|    total_timesteps      | 49152       |
| train/                  |             |
|    approx_kl            | 0.007591686 |
|    clip_fraction        | 0.0818      |
|    clip_range           | 0.2         |
|    entropy_loss         | -5.73       |
|    explained_variance   | 0.0255      |
|    learning_rate        | 0.0003      |
|    loss                 | 0.513       |
|    n_updates            | 20          |
|    policy_gradient_loss | -0.00458    |
|    std                  | 1.02        |
|    value_loss           | 0.875       |
-----------------------------------------
-----------------------------------------
| rollout/                |             |
|    ep_len_mean          | 709         |
|    ep_rew_mean          | 15.3        |
| time/                   |             |
|    fps                  | 1973        |
|    iterations           | 4           |
|    time_elapsed         | 33          |
|    total_timesteps      | 65536       |
| train/                  |             |
|    approx_kl            | 0.007921839 |
|    clip_fraction        | 0.0908      |
|    clip_range           | 0.2         |
|    entropy_loss         | -5.76       |
|    explained_variance   | 0.256       |
|    learning_rate        | 0.0003      |
|    loss                 | 0.595       |
|    n_updates            | 30          |
|    policy_gradient_loss | -0.00584    |
|    std                  | 1.02        |
|    value_loss           | 1.51        |
-----------------------------------------
-----------------------------------------
| rollout/                |             |
|    ep_len_mean          | 515         |
|    ep_rew_mean          | 9.63        |
| time/                   |             |
|    fps                  | 1965        |
|    iterations           | 5           |
|    time_elapsed         | 41          |
|    total_timesteps      | 81920       |
| train/                  |             |
|    approx_kl            | 0.009120394 |
|    clip_fraction        | 0.108       |
|    clip_range           | 0.2         |
|    entropy_loss         | -5.78       |
|    explained_variance   | 0.515       |
|    learning_rate        | 0.0003      |
|    loss                 | 0.47        |
|    n_updates            | 40          |
|    policy_gradient_loss | -0.00629    |
|    std                  | 1.03        |
|    value_loss           | 1.13        |
-----------------------------------------
-----------------------------------------
| rollout/                |             |
|    ep_len_mean          | 514         |
|    ep_rew_mean          | 9.91        |
| time/                   |             |
|    fps                  | 1996        |
|    iterations           | 6           |
|    time_elapsed         | 49          |
|    total_timesteps      | 98304       |
| train/                  |             |
|    approx_kl            | 0.010168162 |
|    clip_fraction        | 0.115       |
|    clip_range           | 0.2         |
|    entropy_loss         | -5.8        |
|    explained_variance   | 0.656       |
|    learning_rate        | 0.0003      |
|    loss                 | 0.319       |
|    n_updates            | 50          |
|    policy_gradient_loss | -0.00907    |
|    std                  | 1.03        |
|    value_loss           | 1.15        |
-----------------------------------------
-----------------------------------------
| rollout/                |             |
|    ep_len_mean          | 581         |
|    ep_rew_mean          | 12.5        |
| time/                   |             |
|    fps                  | 2028        |
|    iterations           | 7           |
|    time_elapsed         | 56          |
|    total_timesteps      | 114688      |
| train/                  |             |
|    approx_kl            | 0.010593804 |
|    clip_fraction        | 0.136       |
|    clip_range           | 0.2         |
|    entropy_loss         | -5.81       |
|    explained_variance   | 0.699       |
|    learning_rate        | 0.0003      |
|    loss                 | 0.329       |
|    n_updates            | 60          |
|    policy_gradient_loss | -0.00985    |
|    std                  | 1.04        |
|    value_loss           | 0.746       |
-----------------------------------------
-----------------------------------------
| rollout/                |             |
|    ep_len_mean          | 655         |
|    ep_rew_mean          | 15.1        |
| time/                   |             |
|    fps                  | 2065        |
|    iterations           | 8           |
|    time_elapsed         | 63          |
|    total_timesteps      | 131072      |
| train/                  |             |
|    approx_kl            | 0.013210341 |
|    clip_fraction        | 0.16        |
|    clip_range           | 0.2         |
|    entropy_loss         | -5.83       |
|    explained_variance   | 0.616       |
|    learning_rate        | 0.0003      |
|    loss                 | 0.138       |
|    n_updates            | 70          |
|    policy_gradient_loss | -0.00766    |
|    std                  | 1.04        |
|    value_loss           | 0.501       |
-----------------------------------------
-----------------------------------------
| rollout/                |             |
|    ep_len_mean          | 644         |
|    ep_rew_mean          | 15.1        |
| time/                   |             |
|    fps                  | 2081        |
|    iterations           | 9           |
|    time_elapsed         | 70          |
|    total_timesteps      | 147456      |
| train/                  |             |
|    approx_kl            | 0.009093238 |
|    clip_fraction        | 0.122       |
|    clip_range           | 0.2         |
|    entropy_loss         | -5.84       |
|    explained_variance   | 0.42        |
|    learning_rate        | 0.0003      |
|    loss                 | 0.25        |
|    n_updates            | 80          |
|    policy_gradient_loss | -0.00377    |
|    std                  | 1.05        |
|    value_loss           | 0.411       |
-----------------------------------------
-----------------------------------------
| rollout/                |             |
|    ep_len_mean          | 645         |
|    ep_rew_mean          | 15.5        |
| time/                   |             |
|    fps                  | 2101        |
|    iterations           | 10          |
|    time_elapsed         | 77          |
|    total_timesteps      | 163840      |
| train/                  |             |
|    approx_kl            | 0.008527806 |
|    clip_fraction        | 0.11        |
|    clip_range           | 0.2         |
|    entropy_loss         | -5.88       |
|    explained_variance   | 0.295       |
|    learning_rate        | 0.0003      |
|    loss                 | 0.127       |
|    n_updates            | 90          |
|    policy_gradient_loss | -0.00384    |
|    std                  | 1.06        |
|    value_loss           | 0.612       |
-----------------------------------------
------------------------------------------
| rollout/                |              |
|    ep_len_mean          | 716          |
|    ep_rew_mean          | 18.3         |
| time/                   |              |
|    fps                  | 2115         |
|    iterations           | 11           |
|    time_elapsed         | 85           |
|    total_timesteps      | 180224       |
| train/                  |              |
|    approx_kl            | 0.0106865205 |
|    clip_fraction        | 0.148        |
|    clip_range           | 0.2          |
|    entropy_loss         | -5.91        |
|    explained_variance   | 0.353        |
|    learning_rate        | 0.0003       |
|    loss                 | 0.386        |
|    n_updates            | 100          |
|    policy_gradient_loss | -0.00621     |
|    std                  | 1.06         |
|    value_loss           | 0.57         |
------------------------------------------
-----------------------------------------
| rollout/                |             |
|    ep_len_mean          | 702         |
|    ep_rew_mean          | 18.4        |
| time/                   |             |
|    fps                  | 2123        |
|    iterations           | 12          |
|    time_elapsed         | 92          |
|    total_timesteps      | 196608      |
| train/                  |             |
|    approx_kl            | 0.015676228 |
|    clip_fraction        | 0.178       |
|    clip_range           | 0.2         |
|    entropy_loss         | -5.92       |
|    explained_variance   | 0.295       |
|    learning_rate        | 0.0003      |
|    loss                 | 0.277       |
|    n_updates            | 110         |
|    policy_gradient_loss | -0.00473    |
|    std                  | 1.07        |
|    value_loss           | 0.622       |
-----------------------------------------
-----------------------------------------
| rollout/                |             |
|    ep_len_mean          | 755         |
|    ep_rew_mean          | 20.7        |
| time/                   |             |
|    fps                  | 2131        |
|    iterations           | 13          |
|    time_elapsed         | 99          |
|    total_timesteps      | 212992      |
| train/                  |             |
|    approx_kl            | 0.011169015 |
|    clip_fraction        | 0.143       |
|    clip_range           | 0.2         |
|    entropy_loss         | -5.94       |
|    explained_variance   | 0.447       |
|    learning_rate        | 0.0003      |
|    loss                 | 0.0268      |
|    n_updates            | 120         |
|    policy_gradient_loss | -0.00387    |
|    std                  | 1.07        |
|    value_loss           | 0.417       |
-----------------------------------------
-----------------------------------------
| rollout/                |             |
|    ep_len_mean          | 772         |
|    ep_rew_mean          | 22          |
| time/                   |             |
|    fps                  | 2135        |
|    iterations           | 14          |
|    time_elapsed         | 107         |
|    total_timesteps      | 229376      |
| train/                  |             |
|    approx_kl            | 0.011914201 |
|    clip_fraction        | 0.165       |
|    clip_range           | 0.2         |
|    entropy_loss         | -5.94       |
|    explained_variance   | 0.546       |
|    learning_rate        | 0.0003      |
|    loss                 | 0.0833      |
|    n_updates            | 130         |
|    policy_gradient_loss | -0.00386    |
|    std                  | 1.07        |
|    value_loss           | 0.344       |
-----------------------------------------
-----------------------------------------
| rollout/                |             |
|    ep_len_mean          | 786         |
|    ep_rew_mean          | 22.9        |
| time/                   |             |
|    fps                  | 2143        |
|    iterations           | 15          |
|    time_elapsed         | 114         |
|    total_timesteps      | 245760      |
| train/                  |             |
|    approx_kl            | 0.014137016 |
|    clip_fraction        | 0.183       |
|    clip_range           | 0.2         |
|    entropy_loss         | -5.96       |
|    explained_variance   | 0.623       |
|    learning_rate        | 0.0003      |
|    loss                 | 0.0258      |
|    n_updates            | 140         |
|    policy_gradient_loss | -0.00393    |
|    std                  | 1.08        |
|    value_loss           | 0.271       |
-----------------------------------------
-----------------------------------------
| rollout/                |             |
|    ep_len_mean          | 799         |
|    ep_rew_mean          | 23.6        |
| time/                   |             |
|    fps                  | 2148        |
|    iterations           | 16          |
|    time_elapsed         | 121         |
|    total_timesteps      | 262144      |
| train/                  |             |
|    approx_kl            | 0.009956246 |
|    clip_fraction        | 0.144       |
|    clip_range           | 0.2         |
|    entropy_loss         | -5.99       |
|    explained_variance   | 0.666       |
|    learning_rate        | 0.0003      |
|    loss                 | 0.0419      |
|    n_updates            | 150         |
|    policy_gradient_loss | -0.00549    |
|    std                  | 1.09        |
|    value_loss           | 0.202       |
-----------------------------------------
-----------------------------------------
| rollout/                |             |
|    ep_len_mean          | 865         |
|    ep_rew_mean          | 25.8        |
| time/                   |             |
|    fps                  | 2149        |
|    iterations           | 17          |
|    time_elapsed         | 129         |
|    total_timesteps      | 278528      |
| train/                  |             |
|    approx_kl            | 0.010810807 |
|    clip_fraction        | 0.146       |
|    clip_range           | 0.2         |
|    entropy_loss         | -6.04       |
|    explained_variance   | 0.773       |
|    learning_rate        | 0.0003      |
|    loss                 | -0.00888    |
|    n_updates            | 160         |
|    policy_gradient_loss | -0.00698    |
|    std                  | 1.1         |
|    value_loss           | 0.0749      |
-----------------------------------------
-----------------------------------------
| rollout/                |             |
|    ep_len_mean          | 865         |
|    ep_rew_mean          | 25.8        |
| time/                   |             |
|    fps                  | 2154        |
|    iterations           | 18          |
|    time_elapsed         | 136         |
|    total_timesteps      | 294912      |
| train/                  |             |
|    approx_kl            | 0.009001695 |
|    clip_fraction        | 0.131       |
|    clip_range           | 0.2         |
|    entropy_loss         | -6.08       |
|    explained_variance   | 0.375       |
|    learning_rate        | 0.0003      |
|    loss                 | -0.00268    |
|    n_updates            | 170         |
|    policy_gradient_loss | -0.00403    |
|    std                  | 1.11        |
|    value_loss           | 0.3         |
-----------------------------------------
-----------------------------------------
| rollout/                |             |
|    ep_len_mean          | 893         |
|    ep_rew_mean          | 26.9        |
| time/                   |             |
|    fps                  | 2158        |
|    iterations           | 19          |
|    time_elapsed         | 144         |
|    total_timesteps      | 311296      |
| train/                  |             |
|    approx_kl            | 0.011117175 |
|    clip_fraction        | 0.14        |
|    clip_range           | 0.2         |
|    entropy_loss         | -6.14       |
|    explained_variance   | 0.663       |
|    learning_rate        | 0.0003      |
|    loss                 | -0.0294     |
|    n_updates            | 180         |
|    policy_gradient_loss | -0.00579    |
|    std                  | 1.13        |
|    value_loss           | 0.0116      |
-----------------------------------------
-----------------------------------------
| rollout/                |             |
|    ep_len_mean          | 983         |
|    ep_rew_mean          | 30          |
| time/                   |             |
|    fps                  | 2147        |
|    iterations           | 20          |
|    time_elapsed         | 152         |
|    total_timesteps      | 327680      |
| train/                  |             |
|    approx_kl            | 0.012567112 |
|    clip_fraction        | 0.122       |
|    clip_range           | 0.2         |
|    entropy_loss         | -6.2        |
|    explained_variance   | 0.605       |
|    learning_rate        | 0.0003      |
|    loss                 | -0.00151    |
|    n_updates            | 190         |
|    policy_gradient_loss | -0.00644    |
|    std                  | 1.15        |
|    value_loss           | 0.0606      |
-----------------------------------------
-----------------------------------------
| rollout/                |             |
|    ep_len_mean          | 983         |
|    ep_rew_mean          | 30          |
| time/                   |             |
|    fps                  | 2126        |
|    iterations           | 21          |
|    time_elapsed         | 161         |
|    total_timesteps      | 344064      |
| train/                  |             |
|    approx_kl            | 0.010204095 |
|    clip_fraction        | 0.115       |
|    clip_range           | 0.2         |
|    entropy_loss         | -6.27       |
|    explained_variance   | 0.119       |
|    learning_rate        | 0.0003      |
|    loss                 | -0.0347     |
|    n_updates            | 200         |
|    policy_gradient_loss | -0.006      |
|    std                  | 1.17        |
|    value_loss           | 0.117       |
-----------------------------------------
-----------------------------------------
| rollout/                |             |
|    ep_len_mean          | 1.97e+03    |
|    ep_rew_mean          | 62.7        |
| time/                   |             |
|    fps                  | 2123        |
|    iterations           | 22          |
|    time_elapsed         | 169         |
|    total_timesteps      | 360448      |
| train/                  |             |
|    approx_kl            | 0.012320993 |
|    clip_fraction        | 0.134       |
|    clip_range           | 0.2         |
|    entropy_loss         | -6.34       |
|    explained_variance   | 0.378       |
|    learning_rate        | 0.0003      |
|    loss                 | -0.0446     |
|    n_updates            | 210         |
|    policy_gradient_loss | -0.00462    |
|    std                  | 1.2         |
|    value_loss           | 0.0158      |
-----------------------------------------
-----------------------------------------
| rollout/                |             |
|    ep_len_mean          | 1.99e+03    |
|    ep_rew_mean          | 63.6        |
| time/                   |             |
|    fps                  | 2099        |
|    iterations           | 23          |
|    time_elapsed         | 179         |
|    total_timesteps      | 376832      |
| train/                  |             |
|    approx_kl            | 0.009623215 |
|    clip_fraction        | 0.105       |
|    clip_range           | 0.2         |
|    entropy_loss         | -6.39       |
|    explained_variance   | 0.203       |
|    learning_rate        | 0.0003      |
|    loss                 | 0.819       |
|    n_updates            | 220         |
|    policy_gradient_loss | -0.00734    |
|    std                  | 1.21        |
|    value_loss           | 0.866       |
-----------------------------------------
----------------------------------------
| rollout/                |            |
|    ep_len_mean          | 2.02e+03   |
|    ep_rew_mean          | 65         |
| time/                   |            |
|    fps                  | 2102       |
|    iterations           | 24         |
|    time_elapsed         | 187        |
|    total_timesteps      | 393216     |
| train/                  |            |
|    approx_kl            | 0.00960717 |
|    clip_fraction        | 0.142      |
|    clip_range           | 0.2        |
|    entropy_loss         | -6.44      |
|    explained_variance   | 0.266      |
|    learning_rate        | 0.0003     |
|    loss                 | 0.179      |
|    n_updates            | 230        |
|    policy_gradient_loss | -0.00718   |
|    std                  | 1.22       |
|    value_loss           | 0.397      |
----------------------------------------
----------------------------------------
| rollout/                |            |
|    ep_len_mean          | 2.02e+03   |
|    ep_rew_mean          | 65.2       |
| time/                   |            |
|    fps                  | 2107       |
|    iterations           | 25         |
|    time_elapsed         | 194        |
|    total_timesteps      | 409600     |
| train/                  |            |
|    approx_kl            | 0.01238037 |
|    clip_fraction        | 0.162      |
|    clip_range           | 0.2        |
|    entropy_loss         | -6.46      |
|    explained_variance   | 0.402      |
|    learning_rate        | 0.0003     |
|    loss                 | -0.0278    |
|    n_updates            | 240        |
|    policy_gradient_loss | -0.00581   |
|    std                  | 1.23       |
|    value_loss           | 0.144      |
----------------------------------------
------------------------------------------
| rollout/                |              |
|    ep_len_mean          | 2.02e+03     |
|    ep_rew_mean          | 65.2         |
| time/                   |              |
|    fps                  | 2115         |
|    iterations           | 26           |
|    time_elapsed         | 201          |
|    total_timesteps      | 425984       |
| train/                  |              |
|    approx_kl            | 0.0137288375 |
|    clip_fraction        | 0.153        |
|    clip_range           | 0.2          |
|    entropy_loss         | -6.47        |
|    explained_variance   | 0.435        |
|    learning_rate        | 0.0003       |
|    loss                 | -0.0349      |
|    n_updates            | 250          |
|    policy_gradient_loss | -0.00687     |
|    std                  | 1.23         |
|    value_loss           | 0.111        |
------------------------------------------
-----------------------------------------
| rollout/                |             |
|    ep_len_mean          | 2.02e+03    |
|    ep_rew_mean          | 65.2        |
| time/                   |             |
|    fps                  | 2122        |
|    iterations           | 27          |
|    time_elapsed         | 208         |
|    total_timesteps      | 442368      |
| train/                  |             |
|    approx_kl            | 0.013997247 |
|    clip_fraction        | 0.187       |
|    clip_range           | 0.2         |
|    entropy_loss         | -6.47       |
|    explained_variance   | 0.565       |
|    learning_rate        | 0.0003      |
|    loss                 | -0.044      |
|    n_updates            | 260         |
|    policy_gradient_loss | -0.0105     |
|    std                  | 1.24        |
|    value_loss           | 0.00756     |
-----------------------------------------
-----------------------------------------
| rollout/                |             |
|    ep_len_mean          | 2.11e+03    |
|    ep_rew_mean          | 68.6        |
| time/                   |             |
|    fps                  | 2127        |
|    iterations           | 28          |
|    time_elapsed         | 215         |
|    total_timesteps      | 458752      |
| train/                  |             |
|    approx_kl            | 0.012344472 |
|    clip_fraction        | 0.156       |
|    clip_range           | 0.2         |
|    entropy_loss         | -6.49       |
|    explained_variance   | 0.745       |
|    learning_rate        | 0.0003      |
|    loss                 | -0.0479     |
|    n_updates            | 270         |
|    policy_gradient_loss | -0.00809    |
|    std                  | 1.25        |
|    value_loss           | 0.00551     |
-----------------------------------------
-----------------------------------------
| rollout/                |             |
|    ep_len_mean          | 2.11e+03    |
|    ep_rew_mean          | 68.6        |
| time/                   |             |
|    fps                  | 2132        |
|    iterations           | 29          |
|    time_elapsed         | 222         |
|    total_timesteps      | 475136      |
| train/                  |             |
|    approx_kl            | 0.014355626 |
|    clip_fraction        | 0.156       |
|    clip_range           | 0.2         |
|    entropy_loss         | -6.54       |
|    explained_variance   | 0.299       |
|    learning_rate        | 0.0003      |
|    loss                 | -0.0437     |
|    n_updates            | 280         |
|    policy_gradient_loss | -0.00606    |
|    std                  | 1.27        |
|    value_loss           | 0.0377      |
-----------------------------------------
-----------------------------------------
| rollout/                |             |
|    ep_len_mean          | 2.41e+03    |
|    ep_rew_mean          | 79.5        |
| time/                   |             |
|    fps                  | 2136        |
|    iterations           | 30          |
|    time_elapsed         | 230         |
|    total_timesteps      | 491520      |
| train/                  |             |
|    approx_kl            | 0.013168725 |
|    clip_fraction        | 0.161       |
|    clip_range           | 0.2         |
|    entropy_loss         | -6.58       |
|    explained_variance   | 0.632       |
|    learning_rate        | 0.0003      |
|    loss                 | -0.0368     |
|    n_updates            | 290         |
|    policy_gradient_loss | -0.00923    |
|    std                  | 1.28        |
|    value_loss           | 0.00825     |
-----------------------------------------
-----------------------------------------
| rollout/                |             |
|    ep_len_mean          | 2.55e+03    |
|    ep_rew_mean          | 85.3        |
| time/                   |             |
|    fps                  | 2140        |
|    iterations           | 31          |
|    time_elapsed         | 237         |
|    total_timesteps      | 507904      |
| train/                  |             |
|    approx_kl            | 0.014135791 |
|    clip_fraction        | 0.17        |
|    clip_range           | 0.2         |
|    entropy_loss         | -6.6        |
|    explained_variance   | 0.564       |
|    learning_rate        | 0.0003      |
|    loss                 | 0.0227      |
|    n_updates            | 300         |
|    policy_gradient_loss | -0.00848    |
|    std                  | 1.28        |
|    value_loss           | 0.0697      |
-----------------------------------------
-----------------------------------------
| rollout/                |             |
|    ep_len_mean          | 2.75e+03    |
|    ep_rew_mean          | 93.7        |
| time/                   |             |
|    fps                  | 2144        |
|    iterations           | 32          |
|    time_elapsed         | 244         |
|    total_timesteps      | 524288      |
| train/                  |             |
|    approx_kl            | 0.015150292 |
|    clip_fraction        | 0.151       |
|    clip_range           | 0.2         |
|    entropy_loss         | -6.64       |
|    explained_variance   | -0.00716    |
|    learning_rate        | 0.0003      |
|    loss                 | 0.269       |
|    n_updates            | 310         |
|    policy_gradient_loss | -0.00555    |
|    std                  | 1.3         |
|    value_loss           | 0.496       |
-----------------------------------------
----------------------------------------
| rollout/                |            |
|    ep_len_mean          | 2.82e+03   |
|    ep_rew_mean          | 96.8       |
| time/                   |            |
|    fps                  | 2144       |
|    iterations           | 33         |
|    time_elapsed         | 252        |
|    total_timesteps      | 540672     |
| train/                  |            |
|    approx_kl            | 0.01286744 |
|    clip_fraction        | 0.153      |
|    clip_range           | 0.2        |
|    entropy_loss         | -6.69      |
|    explained_variance   | 0.195      |
|    learning_rate        | 0.0003     |
|    loss                 | 0.137      |
|    n_updates            | 320        |
|    policy_gradient_loss | -0.00491   |
|    std                  | 1.31       |
|    value_loss           | 0.273      |
----------------------------------------
-----------------------------------------
| rollout/                |             |
|    ep_len_mean          | 2.82e+03    |
|    ep_rew_mean          | 96.8        |
| time/                   |             |
|    fps                  | 2145        |
|    iterations           | 34          |
|    time_elapsed         | 259         |
|    total_timesteps      | 557056      |
| train/                  |             |
|    approx_kl            | 0.013668707 |
|    clip_fraction        | 0.196       |
|    clip_range           | 0.2         |
|    entropy_loss         | -6.72       |
|    explained_variance   | 0.123       |
|    learning_rate        | 0.0003      |
|    loss                 | -0.0491     |
|    n_updates            | 330         |
|    policy_gradient_loss | -0.00592    |
|    std                  | 1.32        |
|    value_loss           | 0.2         |
-----------------------------------------
-----------------------------------------
| rollout/                |             |
|    ep_len_mean          | 2.87e+03    |
|    ep_rew_mean          | 98.7        |
| time/                   |             |
|    fps                  | 2148        |
|    iterations           | 35          |
|    time_elapsed         | 266         |
|    total_timesteps      | 573440      |
| train/                  |             |
|    approx_kl            | 0.019416181 |
|    clip_fraction        | 0.189       |
|    clip_range           | 0.2         |
|    entropy_loss         | -6.72       |
|    explained_variance   | 0.829       |
|    learning_rate        | 0.0003      |
|    loss                 | -0.0296     |
|    n_updates            | 340         |
|    policy_gradient_loss | -0.00974    |
|    std                  | 1.32        |
|    value_loss           | 0.00739     |
-----------------------------------------
-----------------------------------------
| rollout/                |             |
|    ep_len_mean          | 2.87e+03    |
|    ep_rew_mean          | 98.7        |
| time/                   |             |
|    fps                  | 2149        |
|    iterations           | 36          |
|    time_elapsed         | 274         |
|    total_timesteps      | 589824      |
| train/                  |             |
|    approx_kl            | 0.016841909 |
|    clip_fraction        | 0.199       |
|    clip_range           | 0.2         |
|    entropy_loss         | -6.72       |
|    explained_variance   | 0.676       |
|    learning_rate        | 0.0003      |
|    loss                 | -0.0426     |
|    n_updates            | 350         |
|    policy_gradient_loss | -0.00709    |
|    std                  | 1.32        |
|    value_loss           | 0.073       |
-----------------------------------------
----------------------------------------
| rollout/                |            |
|    ep_len_mean          | 2.9e+03    |
|    ep_rew_mean          | 100        |
| time/                   |            |
|    fps                  | 2127       |
|    iterations           | 37         |
|    time_elapsed         | 284        |
|    total_timesteps      | 606208     |
| train/                  |            |
|    approx_kl            | 0.01607085 |
|    clip_fraction        | 0.202      |
|    clip_range           | 0.2        |
|    entropy_loss         | -6.69      |
|    explained_variance   | 0.626      |
|    learning_rate        | 0.0003     |
|    loss                 | -0.0366    |
|    n_updates            | 360        |
|    policy_gradient_loss | -0.00614   |
|    std                  | 1.31       |
|    value_loss           | 0.0132     |
----------------------------------------
-----------------------------------------
| rollout/                |             |
|    ep_len_mean          | 2.9e+03     |
|    ep_rew_mean          | 100         |
| time/                   |             |
|    fps                  | 2104        |
|    iterations           | 38          |
|    time_elapsed         | 295         |
|    total_timesteps      | 622592      |
| train/                  |             |
|    approx_kl            | 0.015676152 |
|    clip_fraction        | 0.195       |
|    clip_range           | 0.2         |
|    entropy_loss         | -6.66       |
|    explained_variance   | 0.652       |
|    learning_rate        | 0.0003      |
|    loss                 | 0.00993     |
|    n_updates            | 370         |
|    policy_gradient_loss | -0.00717    |
|    std                  | 1.3         |
|    value_loss           | 0.0946      |
-----------------------------------------
-----------------------------------------
| rollout/                |             |
|    ep_len_mean          | 2.93e+03    |
|    ep_rew_mean          | 102         |
| time/                   |             |
|    fps                  | 2087        |
|    iterations           | 39          |
|    time_elapsed         | 306         |
|    total_timesteps      | 638976      |
| train/                  |             |
|    approx_kl            | 0.016150624 |
|    clip_fraction        | 0.218       |
|    clip_range           | 0.2         |
|    entropy_loss         | -6.6        |
|    explained_variance   | 0.943       |
|    learning_rate        | 0.0003      |
|    loss                 | -0.0384     |
|    n_updates            | 380         |
|    policy_gradient_loss | -0.00821    |
|    std                  | 1.28        |
|    value_loss           | 0.00708     |
-----------------------------------------
-----------------------------------------
| rollout/                |             |
|    ep_len_mean          | 2.92e+03    |
|    ep_rew_mean          | 102         |
| time/                   |             |
|    fps                  | 2077        |
|    iterations           | 40          |
|    time_elapsed         | 315         |
|    total_timesteps      | 655360      |
| train/                  |             |
|    approx_kl            | 0.014916403 |
|    clip_fraction        | 0.173       |
|    clip_range           | 0.2         |
|    entropy_loss         | -6.56       |
|    explained_variance   | 0.549       |
|    learning_rate        | 0.0003      |
|    loss                 | -0.0189     |
|    n_updates            | 390         |
|    policy_gradient_loss | -0.00698    |
|    std                  | 1.27        |
|    value_loss           | 0.14        |
-----------------------------------------
-----------------------------------------
| rollout/                |             |
|    ep_len_mean          | 2.92e+03    |
|    ep_rew_mean          | 102         |
| time/                   |             |
|    fps                  | 2076        |
|    iterations           | 41          |
|    time_elapsed         | 323         |
|    total_timesteps      | 671744      |
| train/                  |             |
|    approx_kl            | 0.022224586 |
|    clip_fraction        | 0.198       |
|    clip_range           | 0.2         |
|    entropy_loss         | -6.58       |
|    explained_variance   | 0.639       |
|    learning_rate        | 0.0003      |
|    loss                 | 0.0162      |
|    n_updates            | 400         |
|    policy_gradient_loss | -0.00562    |
|    std                  | 1.28        |
|    value_loss           | 0.253       |
-----------------------------------------
----------------------------------------
| rollout/                |            |
|    ep_len_mean          | 2.92e+03   |
|    ep_rew_mean          | 102        |
| time/                   |            |
|    fps                  | 2063       |
|    iterations           | 42         |
|    time_elapsed         | 333        |
|    total_timesteps      | 688128     |
| train/                  |            |
|    approx_kl            | 0.02695121 |
|    clip_fraction        | 0.235      |
|    clip_range           | 0.2        |
|    entropy_loss         | -6.55      |
|    explained_variance   | 0.925      |
|    learning_rate        | 0.0003     |
|    loss                 | -0.0298    |
|    n_updates            | 410        |
|    policy_gradient_loss | -0.00976   |
|    std                  | 1.26       |
|    value_loss           | 0.0195     |
----------------------------------------
-----------------------------------------
| rollout/                |             |
|    ep_len_mean          | 2.92e+03    |
|    ep_rew_mean          | 102         |
| time/                   |             |
|    fps                  | 2065        |
|    iterations           | 43          |
|    time_elapsed         | 341         |
|    total_timesteps      | 704512      |
| train/                  |             |
|    approx_kl            | 0.026229486 |
|    clip_fraction        | 0.217       |
|    clip_range           | 0.2         |
|    entropy_loss         | -6.47       |
|    explained_variance   | 0.984       |
|    learning_rate        | 0.0003      |
|    loss                 | -0.0392     |
|    n_updates            | 420         |
|    policy_gradient_loss | -0.00846    |
|    std                  | 1.23        |
|    value_loss           | 0.00646     |
-----------------------------------------
-----------------------------------------
| rollout/                |             |
|    ep_len_mean          | 2.97e+03    |
|    ep_rew_mean          | 104         |
| time/                   |             |
|    fps                  | 2068        |
|    iterations           | 44          |
|    time_elapsed         | 348         |
|    total_timesteps      | 720896      |
| train/                  |             |
|    approx_kl            | 0.025509104 |
|    clip_fraction        | 0.228       |
|    clip_range           | 0.2         |
|    entropy_loss         | -6.39       |
|    explained_variance   | 0.987       |
|    learning_rate        | 0.0003      |
|    loss                 | -0.0731     |
|    n_updates            | 430         |
|    policy_gradient_loss | -0.0095     |
|    std                  | 1.21        |
|    value_loss           | 0.00569     |
-----------------------------------------
-----------------------------------------
| rollout/                |             |
|    ep_len_mean          | 2.95e+03    |
|    ep_rew_mean          | 104         |
| time/                   |             |
|    fps                  | 2071        |
|    iterations           | 45          |
|    time_elapsed         | 355         |
|    total_timesteps      | 737280      |
| train/                  |             |
|    approx_kl            | 0.020860318 |
|    clip_fraction        | 0.214       |
|    clip_range           | 0.2         |
|    entropy_loss         | -6.35       |
|    explained_variance   | 0.818       |
|    learning_rate        | 0.0003      |
|    loss                 | -0.0312     |
|    n_updates            | 440         |
|    policy_gradient_loss | -0.00712    |
|    std                  | 1.2         |
|    value_loss           | 0.0518      |
-----------------------------------------
-----------------------------------------
| rollout/                |             |
|    ep_len_mean          | 2.94e+03    |
|    ep_rew_mean          | 104         |
| time/                   |             |
|    fps                  | 2074        |
|    iterations           | 46          |
|    time_elapsed         | 363         |
|    total_timesteps      | 753664      |
| train/                  |             |
|    approx_kl            | 0.018973753 |
|    clip_fraction        | 0.212       |
|    clip_range           | 0.2         |
|    entropy_loss         | -6.34       |
|    explained_variance   | 0.741       |
|    learning_rate        | 0.0003      |
|    loss                 | 0.184       |
|    n_updates            | 450         |
|    policy_gradient_loss | -0.000896   |
|    std                  | 1.2         |
|    value_loss           | 0.174       |
-----------------------------------------
-----------------------------------------
| rollout/                |             |
|    ep_len_mean          | 2.94e+03    |
|    ep_rew_mean          | 104         |
| time/                   |             |
|    fps                  | 2077        |
|    iterations           | 47          |
|    time_elapsed         | 370         |
|    total_timesteps      | 770048      |
| train/                  |             |
|    approx_kl            | 0.023208426 |
|    clip_fraction        | 0.187       |
|    clip_range           | 0.2         |
|    entropy_loss         | -6.34       |
|    explained_variance   | 0.79        |
|    learning_rate        | 0.0003      |
|    loss                 | 0.137       |
|    n_updates            | 460         |
|    policy_gradient_loss | -0.00666    |
|    std                  | 1.2         |
|    value_loss           | 0.117       |
-----------------------------------------
----------------------------------------
| rollout/                |            |
|    ep_len_mean          | 2.94e+03   |
|    ep_rew_mean          | 104        |
| time/                   |            |
|    fps                  | 2081       |
|    iterations           | 48         |
|    time_elapsed         | 377        |
|    total_timesteps      | 786432     |
| train/                  |            |
|    approx_kl            | 0.02286987 |
|    clip_fraction        | 0.223      |
|    clip_range           | 0.2        |
|    entropy_loss         | -6.27      |
|    explained_variance   | 0.982      |
|    learning_rate        | 0.0003     |
|    loss                 | -0.0491    |
|    n_updates            | 470        |
|    policy_gradient_loss | -0.00716   |
|    std                  | 1.18       |
|    value_loss           | 0.00696    |
----------------------------------------
-----------------------------------------
| rollout/                |             |
|    ep_len_mean          | 2.94e+03    |
|    ep_rew_mean          | 104         |
| time/                   |             |
|    fps                  | 2084        |
|    iterations           | 49          |
|    time_elapsed         | 385         |
|    total_timesteps      | 802816      |
| train/                  |             |
|    approx_kl            | 0.018854896 |
|    clip_fraction        | 0.203       |
|    clip_range           | 0.2         |
|    entropy_loss         | -6.2        |
|    explained_variance   | 0.992       |
|    learning_rate        | 0.0003      |
|    loss                 | -0.0384     |
|    n_updates            | 480         |
|    policy_gradient_loss | -0.00434    |
|    std                  | 1.16        |
|    value_loss           | 0.0045      |
-----------------------------------------
-----------------------------------------
| rollout/                |             |
|    ep_len_mean          | 2.94e+03    |
|    ep_rew_mean          | 104         |
| time/                   |             |
|    fps                  | 2088        |
|    iterations           | 50          |
|    time_elapsed         | 392         |
|    total_timesteps      | 819200      |
| train/                  |             |
|    approx_kl            | 0.026380716 |
|    clip_fraction        | 0.222       |
|    clip_range           | 0.2         |
|    entropy_loss         | -6.13       |
|    explained_variance   | 0.992       |
|    learning_rate        | 0.0003      |
|    loss                 | -0.0344     |
|    n_updates            | 490         |
|    policy_gradient_loss | -0.00444    |
|    std                  | 1.14        |
|    value_loss           | 0.00429     |
-----------------------------------------
-----------------------------------------
| rollout/                |             |
|    ep_len_mean          | 2.94e+03    |
|    ep_rew_mean          | 104         |
| time/                   |             |
|    fps                  | 2090        |
|    iterations           | 51          |
|    time_elapsed         | 399         |
|    total_timesteps      | 835584      |
| train/                  |             |
|    approx_kl            | 0.024692552 |
|    clip_fraction        | 0.203       |
|    clip_range           | 0.2         |
|    entropy_loss         | -6.05       |
|    explained_variance   | 0.994       |
|    learning_rate        | 0.0003      |
|    loss                 | -0.0522     |
|    n_updates            | 500         |
|    policy_gradient_loss | -0.000624   |
|    std                  | 1.12        |
|    value_loss           | 0.00401     |
-----------------------------------------
----------------------------------------
| rollout/                |            |
|    ep_len_mean          | 2.94e+03   |
|    ep_rew_mean          | 104        |
| time/                   |            |
|    fps                  | 2089       |
|    iterations           | 52         |
|    time_elapsed         | 407        |
|    total_timesteps      | 851968     |
| train/                  |            |
|    approx_kl            | 0.05426597 |
|    clip_fraction        | 0.228      |
|    clip_range           | 0.2        |
|    entropy_loss         | -5.97      |
|    explained_variance   | 0.994      |
|    learning_rate        | 0.0003     |
|    loss                 | -0.043     |
|    n_updates            | 510        |
|    policy_gradient_loss | 0.00832    |
|    std                  | 1.09       |
|    value_loss           | 0.00312    |
----------------------------------------
----------------------------------------
| rollout/                |            |
|    ep_len_mean          | 2.94e+03   |
|    ep_rew_mean          | 104        |
| time/                   |            |
|    fps                  | 2080       |
|    iterations           | 53         |
|    time_elapsed         | 417        |
|    total_timesteps      | 868352     |
| train/                  |            |
|    approx_kl            | 0.02978295 |
|    clip_fraction        | 0.208      |
|    clip_range           | 0.2        |
|    entropy_loss         | -5.88      |
|    explained_variance   | 0.994      |
|    learning_rate        | 0.0003     |
|    loss                 | -0.0561    |
|    n_updates            | 520        |
|    policy_gradient_loss | 0.00208    |
|    std                  | 1.07       |
|    value_loss           | 0.00319    |
----------------------------------------
----------------------------------------
| rollout/                |            |
|    ep_len_mean          | 2.94e+03   |
|    ep_rew_mean          | 104        |
| time/                   |            |
|    fps                  | 2083       |
|    iterations           | 54         |
|    time_elapsed         | 424        |
|    total_timesteps      | 884736     |
| train/                  |            |
|    approx_kl            | 0.09228198 |
|    clip_fraction        | 0.238      |
|    clip_range           | 0.2        |
|    entropy_loss         | -5.8       |
|    explained_variance   | 0.995      |
|    learning_rate        | 0.0003     |
|    loss                 | -0.0133    |
|    n_updates            | 530        |
|    policy_gradient_loss | 0.00725    |
|    std                  | 1.05       |
|    value_loss           | 0.00247    |
----------------------------------------
-----------------------------------------
| rollout/                |             |
|    ep_len_mean          | 2.94e+03    |
|    ep_rew_mean          | 104         |
| time/                   |             |
|    fps                  | 2085        |
|    iterations           | 55          |
|    time_elapsed         | 432         |
|    total_timesteps      | 901120      |
| train/                  |             |
|    approx_kl            | 0.049103223 |
|    clip_fraction        | 0.203       |
|    clip_range           | 0.2         |
|    entropy_loss         | -5.72       |
|    explained_variance   | 0.996       |
|    learning_rate        | 0.0003      |
|    loss                 | -0.00953    |
|    n_updates            | 540         |
|    policy_gradient_loss | 0.00512     |
|    std                  | 1.03        |
|    value_loss           | 0.00221     |
-----------------------------------------
---------------------------------------
| rollout/                |           |
|    ep_len_mean          | 2.94e+03  |
|    ep_rew_mean          | 104       |
| time/                   |           |
|    fps                  | 2087      |
|    iterations           | 56        |
|    time_elapsed         | 439       |
|    total_timesteps      | 917504    |
| train/                  |           |
|    approx_kl            | 0.1337326 |
|    clip_fraction        | 0.232     |
|    clip_range           | 0.2       |
|    entropy_loss         | -5.66     |
|    explained_variance   | 0.996     |
|    learning_rate        | 0.0003    |
|    loss                 | -0.0242   |
|    n_updates            | 550       |
|    policy_gradient_loss | 0.00892   |
|    std                  | 1.02      |
|    value_loss           | 0.00213   |
---------------------------------------
----------------------------------------
| rollout/                |            |
|    ep_len_mean          | 2.94e+03   |
|    ep_rew_mean          | 104        |
| time/                   |            |
|    fps                  | 2089       |
|    iterations           | 57         |
|    time_elapsed         | 446        |
|    total_timesteps      | 933888     |
| train/                  |            |
|    approx_kl            | 0.36839956 |
|    clip_fraction        | 0.263      |
|    clip_range           | 0.2        |
|    entropy_loss         | -5.61      |
|    explained_variance   | 0.995      |
|    learning_rate        | 0.0003     |
|    loss                 | -0.0252    |
|    n_updates            | 560        |
|    policy_gradient_loss | 0.0242     |
|    std                  | 1.01       |
|    value_loss           | 0.00238    |
----------------------------------------
----------------------------------------
| rollout/                |            |
|    ep_len_mean          | 2.94e+03   |
|    ep_rew_mean          | 104        |
| time/                   |            |
|    fps                  | 2091       |
|    iterations           | 58         |
|    time_elapsed         | 454        |
|    total_timesteps      | 950272     |
| train/                  |            |
|    approx_kl            | 0.30321077 |
|    clip_fraction        | 0.233      |
|    clip_range           | 0.2        |
|    entropy_loss         | -5.55      |
|    explained_variance   | 0.995      |
|    learning_rate        | 0.0003     |
|    loss                 | -0.0181    |
|    n_updates            | 570        |
|    policy_gradient_loss | 0.0138     |
|    std                  | 0.996      |
|    value_loss           | 0.00174    |
----------------------------------------
---------------------------------------
| rollout/                |           |
|    ep_len_mean          | 2.94e+03  |
|    ep_rew_mean          | 104       |
| time/                   |           |
|    fps                  | 2093      |
|    iterations           | 59        |
|    time_elapsed         | 461       |
|    total_timesteps      | 966656    |
| train/                  |           |
|    approx_kl            | 0.5373273 |
|    clip_fraction        | 0.229     |
|    clip_range           | 0.2       |
|    entropy_loss         | -5.5      |
|    explained_variance   | 0.995     |
|    learning_rate        | 0.0003    |
|    loss                 | -0.0271   |
|    n_updates            | 580       |
|    policy_gradient_loss | 0.023     |
|    std                  | 0.984     |
|    value_loss           | 0.00203   |
---------------------------------------
----------------------------------------
| rollout/                |            |
|    ep_len_mean          | 2.94e+03   |
|    ep_rew_mean          | 104        |
| time/                   |            |
|    fps                  | 2095       |
|    iterations           | 60         |
|    time_elapsed         | 469        |
|    total_timesteps      | 983040     |
| train/                  |            |
|    approx_kl            | 0.77429056 |
|    clip_fraction        | 0.246      |
|    clip_range           | 0.2        |
|    entropy_loss         | -5.45      |
|    explained_variance   | 0.994      |
|    learning_rate        | 0.0003     |
|    loss                 | 0.0331     |
|    n_updates            | 590        |
|    policy_gradient_loss | 0.0278     |
|    std                  | 0.973      |
|    value_loss           | 0.00143    |
----------------------------------------
----------------------------------------
| rollout/                |            |
|    ep_len_mean          | 2.94e+03   |
|    ep_rew_mean          | 104        |
| time/                   |            |
|    fps                  | 2097       |
|    iterations           | 61         |
|    time_elapsed         | 476        |
|    total_timesteps      | 999424     |
| train/                  |            |
|    approx_kl            | 0.27590236 |
|    clip_fraction        | 0.225      |
|    clip_range           | 0.2        |
|    entropy_loss         | -5.41      |
|    explained_variance   | 0.995      |
|    learning_rate        | 0.0003     |
|    loss                 | -0.00871   |
|    n_updates            | 600        |
|    policy_gradient_loss | 0.0118     |
|    std                  | 0.969      |
|    value_loss           | 0.00112    |
----------------------------------------
----------------------------------------
| rollout/                |            |
|    ep_len_mean          | 2.94e+03   |
|    ep_rew_mean          | 104        |
| time/                   |            |
|    fps                  | 2099       |
|    iterations           | 62         |
|    time_elapsed         | 483        |
|    total_timesteps      | 1015808    |
| train/                  |            |
|    approx_kl            | 0.19110084 |
|    clip_fraction        | 0.216      |
|    clip_range           | 0.2        |
|    entropy_loss         | -5.37      |
|    explained_variance   | 0.994      |
|    learning_rate        | 0.0003     |
|    loss                 | -0.00138   |
|    n_updates            | 610        |
|    policy_gradient_loss | 0.0148     |
|    std                  | 0.957      |
|    value_loss           | 0.00116    |
----------------------------------------
---------------------------------------
| rollout/                |           |
|    ep_len_mean          | 2.94e+03  |
|    ep_rew_mean          | 104       |
| time/                   |           |
|    fps                  | 2101      |
|    iterations           | 63        |
|    time_elapsed         | 491       |
|    total_timesteps      | 1032192   |
| train/                  |           |
|    approx_kl            | 0.2478615 |
|    clip_fraction        | 0.212     |
|    clip_range           | 0.2       |
|    entropy_loss         | -5.33     |
|    explained_variance   | 0.995     |
|    learning_rate        | 0.0003    |
|    loss                 | -0.0285   |
|    n_updates            | 620       |
|    policy_gradient_loss | 0.0192    |
|    std                  | 0.952     |
|    value_loss           | 0.00127   |
---------------------------------------
---------------------------------------
| rollout/                |           |
|    ep_len_mean          | 2.94e+03  |
|    ep_rew_mean          | 104       |
| time/                   |           |
|    fps                  | 2104      |
|    iterations           | 64        |
|    time_elapsed         | 498       |
|    total_timesteps      | 1048576   |
| train/                  |           |
|    approx_kl            | 0.4210046 |
|    clip_fraction        | 0.222     |
|    clip_range           | 0.2       |
|    entropy_loss         | -5.31     |
|    explained_variance   | 0.995     |
|    learning_rate        | 0.0003    |
|    loss                 | -0.0182   |
|    n_updates            | 630       |
|    policy_gradient_loss | 0.0309    |
|    std                  | 0.948     |
|    value_loss           | 0.000761  |
---------------------------------------
---------------------------------------
| rollout/                |           |
|    ep_len_mean          | 2.94e+03  |
|    ep_rew_mean          | 104       |
| time/                   |           |
|    fps                  | 2105      |
|    iterations           | 65        |
|    time_elapsed         | 505       |
|    total_timesteps      | 1064960   |
| train/                  |           |
|    approx_kl            | 0.2717831 |
|    clip_fraction        | 0.207     |
|    clip_range           | 0.2       |
|    entropy_loss         | -5.27     |
|    explained_variance   | 0.995     |
|    learning_rate        | 0.0003    |
|    loss                 | -0.00911  |
|    n_updates            | 640       |
|    policy_gradient_loss | 0.0147    |
|    std                  | 0.939     |
|    value_loss           | 0.000976  |
---------------------------------------
---------------------------------------
| rollout/                |           |
|    ep_len_mean          | 2.94e+03  |
|    ep_rew_mean          | 104       |
| time/                   |           |
|    fps                  | 2107      |
|    iterations           | 66        |
|    time_elapsed         | 513       |
|    total_timesteps      | 1081344   |
| train/                  |           |
|    approx_kl            | 0.7456058 |
|    clip_fraction        | 0.207     |
|    clip_range           | 0.2       |
|    entropy_loss         | -5.23     |
|    explained_variance   | 0.995     |
|    learning_rate        | 0.0003    |
|    loss                 | -0.00615  |
|    n_updates            | 650       |
|    policy_gradient_loss | 0.178     |
|    std                  | 0.93      |
|    value_loss           | 0.00072   |
---------------------------------------
----------------------------------------
| rollout/                |            |
|    ep_len_mean          | 2.94e+03   |
|    ep_rew_mean          | 104        |
| time/                   |            |
|    fps                  | 2109       |
|    iterations           | 67         |
|    time_elapsed         | 520        |
|    total_timesteps      | 1097728    |
| train/                  |            |
|    approx_kl            | 0.48866075 |
|    clip_fraction        | 0.229      |
|    clip_range           | 0.2        |
|    entropy_loss         | -5.19      |
|    explained_variance   | 0.995      |
|    learning_rate        | 0.0003     |
|    loss                 | 0.0379     |
|    n_updates            | 660        |
|    policy_gradient_loss | 0.0146     |
|    std                  | 0.922      |
|    value_loss           | 0.000729   |
----------------------------------------
----------------------------------------
| rollout/                |            |
|    ep_len_mean          | 2.94e+03   |
|    ep_rew_mean          | 104        |
| time/                   |            |
|    fps                  | 2110       |
|    iterations           | 68         |
|    time_elapsed         | 527        |
|    total_timesteps      | 1114112    |
| train/                  |            |
|    approx_kl            | 0.32548755 |
|    clip_fraction        | 0.205      |
|    clip_range           | 0.2        |
|    entropy_loss         | -5.16      |
|    explained_variance   | 0.995      |
|    learning_rate        | 0.0003     |
|    loss                 | -0.0348    |
|    n_updates            | 670        |
|    policy_gradient_loss | 0.0125     |
|    std                  | 0.915      |
|    value_loss           | 0.00076    |
----------------------------------------
---------------------------------------
| rollout/                |           |
|    ep_len_mean          | 2.94e+03  |
|    ep_rew_mean          | 104       |
| time/                   |           |
|    fps                  | 2112      |
|    iterations           | 69        |
|    time_elapsed         | 535       |
|    total_timesteps      | 1130496   |
| train/                  |           |
|    approx_kl            | 0.5875537 |
|    clip_fraction        | 0.244     |
|    clip_range           | 0.2       |
|    entropy_loss         | -5.15     |
|    explained_variance   | 0.973     |
|    learning_rate        | 0.0003    |
|    loss                 | -0.0102   |
|    n_updates            | 680       |
|    policy_gradient_loss | 0.00978   |
|    std                  | 0.915     |
|    value_loss           | 0.00225   |
---------------------------------------
---------------------------------------
| rollout/                |           |
|    ep_len_mean          | 2.94e+03  |
|    ep_rew_mean          | 104       |
| time/                   |           |
|    fps                  | 2114      |
|    iterations           | 70        |
|    time_elapsed         | 542       |
|    total_timesteps      | 1146880   |
| train/                  |           |
|    approx_kl            | 0.4133109 |
|    clip_fraction        | 0.237     |
|    clip_range           | 0.2       |
|    entropy_loss         | -5.14     |
|    explained_variance   | 0.981     |
|    learning_rate        | 0.0003    |
|    loss                 | -0.0196   |
|    n_updates            | 690       |
|    policy_gradient_loss | 0.00363   |
|    std                  | 0.914     |
|    value_loss           | 0.00156   |
---------------------------------------
----------------------------------------
| rollout/                |            |
|    ep_len_mean          | 2.94e+03   |
|    ep_rew_mean          | 104        |
| time/                   |            |
|    fps                  | 2114       |
|    iterations           | 71         |
|    time_elapsed         | 550        |
|    total_timesteps      | 1163264    |
| train/                  |            |
|    approx_kl            | 0.23164457 |
|    clip_fraction        | 0.22       |
|    clip_range           | 0.2        |
|    entropy_loss         | -5.14      |
|    explained_variance   | 0.992      |
|    learning_rate        | 0.0003     |
|    loss                 | -0.0269    |
|    n_updates            | 700        |
|    policy_gradient_loss | 0.0176     |
|    std                  | 0.913      |
|    value_loss           | 0.000695   |
----------------------------------------
---------------------------------------
| rollout/                |           |
|    ep_len_mean          | 3.47e+03  |
|    ep_rew_mean          | 137       |
| time/                   |           |
|    fps                  | 2114      |
|    iterations           | 72        |
|    time_elapsed         | 557       |
|    total_timesteps      | 1179648   |
| train/                  |           |
|    approx_kl            | 0.4866671 |
|    clip_fraction        | 0.206     |
|    clip_range           | 0.2       |
|    entropy_loss         | -5.14     |
|    explained_variance   | 0.995     |
|    learning_rate        | 0.0003    |
|    loss                 | -0.0326   |
|    n_updates            | 710       |
|    policy_gradient_loss | 0.0102    |
|    std                  | 0.915     |
|    value_loss           | 0.000608  |
---------------------------------------
----------------------------------------
| rollout/                |            |
|    ep_len_mean          | 3.47e+03   |
|    ep_rew_mean          | 137        |
| time/                   |            |
|    fps                  | 2114       |
|    iterations           | 73         |
|    time_elapsed         | 565        |
|    total_timesteps      | 1196032    |
| train/                  |            |
|    approx_kl            | 0.84586036 |
|    clip_fraction        | 0.276      |
|    clip_range           | 0.2        |
|    entropy_loss         | -5.18      |
|    explained_variance   | 0.466      |
|    learning_rate        | 0.0003     |
|    loss                 | 0.00778    |
|    n_updates            | 720        |
|    policy_gradient_loss | 0.00339    |
|    std                  | 0.928      |
|    value_loss           | 0.265      |
----------------------------------------
---------------------------------------
| rollout/                |           |
|    ep_len_mean          | 3.49e+03  |
|    ep_rew_mean          | 139       |
| time/                   |           |
|    fps                  | 2115      |
|    iterations           | 74        |
|    time_elapsed         | 573       |
|    total_timesteps      | 1212416   |
| train/                  |           |
|    approx_kl            | 1.5926502 |
|    clip_fraction        | 0.247     |
|    clip_range           | 0.2       |
|    entropy_loss         | -5.19     |
|    explained_variance   | 0.992     |
|    learning_rate        | 0.0003    |
|    loss                 | -0.00659  |
|    n_updates            | 730       |
|    policy_gradient_loss | 0.0265    |
|    std                  | 0.926     |
|    value_loss           | 0.000737  |
---------------------------------------
----------------------------------------
| rollout/                |            |
|    ep_len_mean          | 3.51e+03   |
|    ep_rew_mean          | 140        |
| time/                   |            |
|    fps                  | 2116       |
|    iterations           | 75         |
|    time_elapsed         | 580        |
|    total_timesteps      | 1228800    |
| train/                  |            |
|    approx_kl            | 0.36957186 |
|    clip_fraction        | 0.224      |
|    clip_range           | 0.2        |
|    entropy_loss         | -5.21      |
|    explained_variance   | 0.546      |
|    learning_rate        | 0.0003     |
|    loss                 | -0.033     |
|    n_updates            | 740        |
|    policy_gradient_loss | -0.00118   |
|    std                  | 0.937      |
|    value_loss           | 0.0412     |
----------------------------------------
----------------------------------------
| rollout/                |            |
|    ep_len_mean          | 3.51e+03   |
|    ep_rew_mean          | 140        |
| time/                   |            |
|    fps                  | 2116       |
|    iterations           | 76         |
|    time_elapsed         | 588        |
|    total_timesteps      | 1245184    |
| train/                  |            |
|    approx_kl            | 0.14416975 |
|    clip_fraction        | 0.27       |
|    clip_range           | 0.2        |
|    entropy_loss         | -5.26      |
|    explained_variance   | 0.83       |
|    learning_rate        | 0.0003     |
|    loss                 | -0.00241   |
|    n_updates            | 750        |
|    policy_gradient_loss | -0.000992  |
|    std                  | 0.947      |
|    value_loss           | 0.149      |
----------------------------------------
---------------------------------------
| rollout/                |           |
|    ep_len_mean          | 3.56e+03  |
|    ep_rew_mean          | 144       |
| time/                   |           |
|    fps                  | 2116      |
|    iterations           | 77        |
|    time_elapsed         | 595       |
|    total_timesteps      | 1261568   |
| train/                  |           |
|    approx_kl            | 1.5199878 |
|    clip_fraction        | 0.31      |
|    clip_range           | 0.2       |
|    entropy_loss         | -5.26     |
|    explained_variance   | 0.9       |
|    learning_rate        | 0.0003    |
|    loss                 | -0.011    |
|    n_updates            | 760       |
|    policy_gradient_loss | 0.00352   |
|    std                  | 0.944     |
|    value_loss           | 0.0891    |
---------------------------------------
---------------------------------------
| rollout/                |           |
|    ep_len_mean          | 3.59e+03  |
|    ep_rew_mean          | 146       |
| time/                   |           |
|    fps                  | 2116      |
|    iterations           | 78        |
|    time_elapsed         | 603       |
|    total_timesteps      | 1277952   |
| train/                  |           |
|    approx_kl            | 0.7975114 |
|    clip_fraction        | 0.264     |
|    clip_range           | 0.2       |
|    entropy_loss         | -5.28     |
|    explained_variance   | 0.794     |
|    learning_rate        | 0.0003    |
|    loss                 | 0.0223    |
|    n_updates            | 770       |
|    policy_gradient_loss | -0.00013  |
|    std                  | 0.95      |
|    value_loss           | 0.113     |
---------------------------------------
----------------------------------------
| rollout/                |            |
|    ep_len_mean          | 3.59e+03   |
|    ep_rew_mean          | 146        |
| time/                   |            |
|    fps                  | 2118       |
|    iterations           | 79         |
|    time_elapsed         | 611        |
|    total_timesteps      | 1294336    |
| train/                  |            |
|    approx_kl            | 0.37193322 |
|    clip_fraction        | 0.233      |
|    clip_range           | 0.2        |
|    entropy_loss         | -5.3       |
|    explained_variance   | 0.755      |
|    learning_rate        | 0.0003     |
|    loss                 | -0.0273    |
|    n_updates            | 780        |
|    policy_gradient_loss | 0.000764   |
|    std                  | 0.954      |
|    value_loss           | 0.0686     |
----------------------------------------
---------------------------------------
| rollout/                |           |
|    ep_len_mean          | 3.59e+03  |
|    ep_rew_mean          | 146       |
| time/                   |           |
|    fps                  | 2118      |
|    iterations           | 80        |
|    time_elapsed         | 618       |
|    total_timesteps      | 1310720   |
| train/                  |           |
|    approx_kl            | 0.8891325 |
|    clip_fraction        | 0.248     |
|    clip_range           | 0.2       |
|    entropy_loss         | -5.3      |
|    explained_variance   | 0.965     |
|    learning_rate        | 0.0003    |
|    loss                 | -0.00387  |
|    n_updates            | 790       |
|    policy_gradient_loss | 0.00163   |
|    std                  | 0.951     |
|    value_loss           | 0.00425   |
---------------------------------------
--------------------------------------
| rollout/                |          |
|    ep_len_mean          | 3.62e+03 |
|    ep_rew_mean          | 148      |
| time/                   |          |
|    fps                  | 2118     |
|    iterations           | 81       |
|    time_elapsed         | 626      |
|    total_timesteps      | 1327104  |
| train/                  |          |
|    approx_kl            | 3.747579 |
|    clip_fraction        | 0.279    |
|    clip_range           | 0.2      |
|    entropy_loss         | -5.28    |
|    explained_variance   | 0.917    |
|    learning_rate        | 0.0003   |
|    loss                 | -0.034   |
|    n_updates            | 800      |
|    policy_gradient_loss | 0.00241  |
|    std                  | 0.948    |
|    value_loss           | 0.0522   |
--------------------------------------
---------------------------------------
| rollout/                |           |
|    ep_len_mean          | 3.62e+03  |
|    ep_rew_mean          | 148       |
| time/                   |           |
|    fps                  | 2118      |
|    iterations           | 82        |
|    time_elapsed         | 634       |
|    total_timesteps      | 1343488   |
| train/                  |           |
|    approx_kl            | 0.5179464 |
|    clip_fraction        | 0.249     |
|    clip_range           | 0.2       |
|    entropy_loss         | -5.27     |
|    explained_variance   | 0.925     |
|    learning_rate        | 0.0003    |
|    loss                 | -0.0316   |
|    n_updates            | 810       |
|    policy_gradient_loss | 0.0031    |
|    std                  | 0.944     |
|    value_loss           | 0.0238    |
---------------------------------------
---------------------------------------
| rollout/                |           |
|    ep_len_mean          | 3.62e+03  |
|    ep_rew_mean          | 148       |
| time/                   |           |
|    fps                  | 2118      |
|    iterations           | 83        |
|    time_elapsed         | 641       |
|    total_timesteps      | 1359872   |
| train/                  |           |
|    approx_kl            | 1.0709305 |
|    clip_fraction        | 0.23      |
|    clip_range           | 0.2       |
|    entropy_loss         | -5.24     |
|    explained_variance   | 0.988     |
|    learning_rate        | 0.0003    |
|    loss                 | -0.0212   |
|    n_updates            | 820       |
|    policy_gradient_loss | 0.00544   |
|    std                  | 0.938     |
|    value_loss           | 0.000801  |
---------------------------------------
---------------------------------------
| rollout/                |           |
|    ep_len_mean          | 3.62e+03  |
|    ep_rew_mean          | 148       |
| time/                   |           |
|    fps                  | 2118      |
|    iterations           | 84        |
|    time_elapsed         | 649       |
|    total_timesteps      | 1376256   |
| train/                  |           |
|    approx_kl            | 1.2592219 |
|    clip_fraction        | 0.214     |
|    clip_range           | 0.2       |
|    entropy_loss         | -5.2      |
|    explained_variance   | 0.99      |
|    learning_rate        | 0.0003    |
|    loss                 | -0.00021  |
|    n_updates            | 830       |
|    policy_gradient_loss | 0.023     |
|    std                  | 0.928     |
|    value_loss           | 0.000685  |
---------------------------------------
----------------------------------------
| rollout/                |            |
|    ep_len_mean          | 3.62e+03   |
|    ep_rew_mean          | 148        |
| time/                   |            |
|    fps                  | 2118       |
|    iterations           | 85         |
|    time_elapsed         | 657        |
|    total_timesteps      | 1392640    |
| train/                  |            |
|    approx_kl            | 0.99296105 |
|    clip_fraction        | 0.232      |
|    clip_range           | 0.2        |
|    entropy_loss         | -5.18      |
|    explained_variance   | 0.383      |
|    learning_rate        | 0.0003     |
|    loss                 | 0.108      |
|    n_updates            | 840        |
|    policy_gradient_loss | 0.00223    |
|    std                  | 0.927      |
|    value_loss           | 0.101      |
----------------------------------------
----------------------------------------
| rollout/                |            |
|    ep_len_mean          | 3.62e+03   |
|    ep_rew_mean          | 148        |
| time/                   |            |
|    fps                  | 2118       |
|    iterations           | 86         |
|    time_elapsed         | 665        |
|    total_timesteps      | 1409024    |
| train/                  |            |
|    approx_kl            | 0.76254064 |
|    clip_fraction        | 0.214      |
|    clip_range           | 0.2        |
|    entropy_loss         | -5.16      |
|    explained_variance   | 0.959      |
|    learning_rate        | 0.0003     |
|    loss                 | -0.0339    |
|    n_updates            | 850        |
|    policy_gradient_loss | 0.0053     |
|    std                  | 0.919      |
|    value_loss           | 0.00157    |
----------------------------------------
----------------------------------------
| rollout/                |            |
|    ep_len_mean          | 3.62e+03   |
|    ep_rew_mean          | 148        |
| time/                   |            |
|    fps                  | 2111       |
|    iterations           | 87         |
|    time_elapsed         | 674        |
|    total_timesteps      | 1425408    |
| train/                  |            |
|    approx_kl            | 0.69633114 |
|    clip_fraction        | 0.225      |
|    clip_range           | 0.2        |
|    entropy_loss         | -5.11      |
|    explained_variance   | 0.986      |
|    learning_rate        | 0.0003     |
|    loss                 | -0.031     |
|    n_updates            | 860        |
|    policy_gradient_loss | 0.0068     |
|    std                  | 0.911      |
|    value_loss           | 0.000898   |
----------------------------------------
----------------------------------------
| rollout/                |            |
|    ep_len_mean          | 3.62e+03   |
|    ep_rew_mean          | 148        |
| time/                   |            |
|    fps                  | 2108       |
|    iterations           | 88         |
|    time_elapsed         | 683        |
|    total_timesteps      | 1441792    |
| train/                  |            |
|    approx_kl            | 0.54214776 |
|    clip_fraction        | 0.212      |
|    clip_range           | 0.2        |
|    entropy_loss         | -5.09      |
|    explained_variance   | 0.989      |
|    learning_rate        | 0.0003     |
|    loss                 | -0.028     |
|    n_updates            | 870        |
|    policy_gradient_loss | 0.00558    |
|    std                  | 0.907      |
|    value_loss           | 0.000583   |
----------------------------------------
----------------------------------------
| rollout/                |            |
|    ep_len_mean          | 4.76e+03   |
|    ep_rew_mean          | 224        |
| time/                   |            |
|    fps                  | 2104       |
|    iterations           | 89         |
|    time_elapsed         | 693        |
|    total_timesteps      | 1458176    |
| train/                  |            |
|    approx_kl            | 0.95142215 |
|    clip_fraction        | 0.242      |
|    clip_range           | 0.2        |
|    entropy_loss         | -5.07      |
|    explained_variance   | 0.96       |
|    learning_rate        | 0.0003     |
|    loss                 | -0.0182    |
|    n_updates            | 880        |
|    policy_gradient_loss | 0.00448    |
|    std                  | 0.904      |
|    value_loss           | 0.000789   |
----------------------------------------
---------------------------------------
| rollout/                |           |
|    ep_len_mean          | 4.77e+03  |
|    ep_rew_mean          | 225       |
| time/                   |           |
|    fps                  | 2098      |
|    iterations           | 90        |
|    time_elapsed         | 702       |
|    total_timesteps      | 1474560   |
| train/                  |           |
|    approx_kl            | 0.2076135 |
|    clip_fraction        | 0.207     |
|    clip_range           | 0.2       |
|    entropy_loss         | -5.1      |
|    explained_variance   | 0.166     |
|    learning_rate        | 0.0003    |
|    loss                 | 0.16      |
|    n_updates            | 890       |
|    policy_gradient_loss | -0.00116  |
|    std                  | 0.916     |
|    value_loss           | 0.8       |
---------------------------------------
--------------------------------------
| rollout/                |          |
|    ep_len_mean          | 4.77e+03 |
|    ep_rew_mean          | 225      |
| time/                   |          |
|    fps                  | 2094     |
|    iterations           | 91       |
|    time_elapsed         | 711      |
|    total_timesteps      | 1490944  |
| train/                  |          |
|    approx_kl            | 0.391563 |
|    clip_fraction        | 0.191    |
|    clip_range           | 0.2      |
|    entropy_loss         | -5.18    |
|    explained_variance   | 0.389    |
|    learning_rate        | 0.0003   |
|    loss                 | 0.03     |
|    n_updates            | 900      |
|    policy_gradient_loss | 0.0034   |
|    std                  | 0.934    |
|    value_loss           | 0.463    |
--------------------------------------
---------------------------------------
| rollout/                |           |
|    ep_len_mean          | 4.77e+03  |
|    ep_rew_mean          | 225       |
| time/                   |           |
|    fps                  | 2085      |
|    iterations           | 92        |
|    time_elapsed         | 722       |
|    total_timesteps      | 1507328   |
| train/                  |           |
|    approx_kl            | 1.1829118 |
|    clip_fraction        | 0.214     |
|    clip_range           | 0.2       |
|    entropy_loss         | -5.19     |
|    explained_variance   | 0.873     |
|    learning_rate        | 0.0003    |
|    loss                 | -0.0251   |
|    n_updates            | 910       |
|    policy_gradient_loss | 0.00668   |
|    std                  | 0.93      |
|    value_loss           | 0.00278   |
---------------------------------------
---------------------------------------
| rollout/                |           |
|    ep_len_mean          | 4.77e+03  |
|    ep_rew_mean          | 225       |
| time/                   |           |
|    fps                  | 2082      |
|    iterations           | 93        |
|    time_elapsed         | 731       |
|    total_timesteps      | 1523712   |
| train/                  |           |
|    approx_kl            | 1.4063208 |
|    clip_fraction        | 0.213     |
|    clip_range           | 0.2       |
|    entropy_loss         | -5.17     |
|    explained_variance   | 0.972     |
|    learning_rate        | 0.0003    |
|    loss                 | -0.0223   |
|    n_updates            | 920       |
|    policy_gradient_loss | 0.00833   |
|    std                  | 0.923     |
|    value_loss           | 0.00144   |
---------------------------------------
----------------------------------------
| rollout/                |            |
|    ep_len_mean          | 4.77e+03   |
|    ep_rew_mean          | 225        |
| time/                   |            |
|    fps                  | 2078       |
|    iterations           | 94         |
|    time_elapsed         | 740        |
|    total_timesteps      | 1540096    |
| train/                  |            |
|    approx_kl            | 0.47881636 |
|    clip_fraction        | 0.198      |
|    clip_range           | 0.2        |
|    entropy_loss         | -5.14      |
|    explained_variance   | 0.983      |
|    learning_rate        | 0.0003     |
|    loss                 | -0.0419    |
|    n_updates            | 930        |
|    policy_gradient_loss | 0.00988    |
|    std                  | 0.919      |
|    value_loss           | 0.00105    |
----------------------------------------
---------------------------------------
| rollout/                |           |
|    ep_len_mean          | 4.77e+03  |
|    ep_rew_mean          | 225       |
| time/                   |           |
|    fps                  | 2071      |
|    iterations           | 95        |
|    time_elapsed         | 751       |
|    total_timesteps      | 1556480   |
| train/                  |           |
|    approx_kl            | 0.3213803 |
|    clip_fraction        | 0.181     |
|    clip_range           | 0.2       |
|    entropy_loss         | -5.12     |
|    explained_variance   | 0.984     |
|    learning_rate        | 0.0003    |
|    loss                 | -0.0329   |
|    n_updates            | 940       |
|    policy_gradient_loss | 0.0136    |
|    std                  | 0.913     |
|    value_loss           | 0.000864  |
---------------------------------------
----------------------------------------
| rollout/                |            |
|    ep_len_mean          | 4.77e+03   |
|    ep_rew_mean          | 225        |
| time/                   |            |
|    fps                  | 2063       |
|    iterations           | 96         |
|    time_elapsed         | 762        |
|    total_timesteps      | 1572864    |
| train/                  |            |
|    approx_kl            | 0.48261103 |
|    clip_fraction        | 0.179      |
|    clip_range           | 0.2        |
|    entropy_loss         | -5.09      |
|    explained_variance   | 0.99       |
|    learning_rate        | 0.0003     |
|    loss                 | 0.074      |
|    n_updates            | 950        |
|    policy_gradient_loss | 0.00441    |
|    std                  | 0.907      |
|    value_loss           | 0.000593   |
----------------------------------------
---------------------------------------
| rollout/                |           |
|    ep_len_mean          | 4.77e+03  |
|    ep_rew_mean          | 225       |
| time/                   |           |
|    fps                  | 2054      |
|    iterations           | 97        |
|    time_elapsed         | 773       |
|    total_timesteps      | 1589248   |
| train/                  |           |
|    approx_kl            | 0.8808756 |
|    clip_fraction        | 0.187     |
|    clip_range           | 0.2       |
|    entropy_loss         | -5.07     |
|    explained_variance   | 0.985     |
|    learning_rate        | 0.0003    |
|    loss                 | -0.0269   |
|    n_updates            | 960       |
|    policy_gradient_loss | 0.00286   |
|    std                  | 0.902     |
|    value_loss           | 0.000564  |
---------------------------------------
---------------------------------------
| rollout/                |           |
|    ep_len_mean          | 4.77e+03  |
|    ep_rew_mean          | 225       |
| time/                   |           |
|    fps                  | 2046      |
|    iterations           | 98        |
|    time_elapsed         | 784       |
|    total_timesteps      | 1605632   |
| train/                  |           |
|    approx_kl            | 0.539319  |
|    clip_fraction        | 0.184     |
|    clip_range           | 0.2       |
|    entropy_loss         | -5.04     |
|    explained_variance   | 0.991     |
|    learning_rate        | 0.0003    |
|    loss                 | -0.027    |
|    n_updates            | 970       |
|    policy_gradient_loss | -0.000187 |
|    std                  | 0.894     |
|    value_loss           | 0.000428  |
---------------------------------------
----------------------------------------
| rollout/                |            |
|    ep_len_mean          | 4.77e+03   |
|    ep_rew_mean          | 225        |
| time/                   |            |
|    fps                  | 2040       |
|    iterations           | 99         |
|    time_elapsed         | 794        |
|    total_timesteps      | 1622016    |
| train/                  |            |
|    approx_kl            | 0.95133203 |
|    clip_fraction        | 0.207      |
|    clip_range           | 0.2        |
|    entropy_loss         | -4.99      |
|    explained_variance   | 0.993      |
|    learning_rate        | 0.0003     |
|    loss                 | -0.0322    |
|    n_updates            | 980        |
|    policy_gradient_loss | 0.00153    |
|    std                  | 0.882      |
|    value_loss           | 0.000439   |
----------------------------------------
---------------------------------------
| rollout/                |           |
|    ep_len_mean          | 4.77e+03  |
|    ep_rew_mean          | 225       |
| time/                   |           |
|    fps                  | 2035      |
|    iterations           | 100       |
|    time_elapsed         | 805       |
|    total_timesteps      | 1638400   |
| train/                  |           |
|    approx_kl            | 1.5128236 |
|    clip_fraction        | 0.199     |
|    clip_range           | 0.2       |
|    entropy_loss         | -4.94     |
|    explained_variance   | 0.992     |
|    learning_rate        | 0.0003    |
|    loss                 | -0.0301   |
|    n_updates            | 990       |
|    policy_gradient_loss | 0.00205   |
|    std                  | 0.871     |
|    value_loss           | 0.000334  |
---------------------------------------
----------------------------------------
| rollout/                |            |
|    ep_len_mean          | 4.77e+03   |
|    ep_rew_mean          | 225        |
| time/                   |            |
|    fps                  | 2025       |
|    iterations           | 101        |
|    time_elapsed         | 817        |
|    total_timesteps      | 1654784    |
| train/                  |            |
|    approx_kl            | 0.24410386 |
|    clip_fraction        | 0.18       |
|    clip_range           | 0.2        |
|    entropy_loss         | -4.92      |
|    explained_variance   | 0.993      |
|    learning_rate        | 0.0003     |
|    loss                 | -0.0407    |
|    n_updates            | 1000       |
|    policy_gradient_loss | 0.00148    |
|    std                  | 0.87       |
|    value_loss           | 0.000359   |
----------------------------------------
---------------------------------------
| rollout/                |           |
|    ep_len_mean          | 4.77e+03  |
|    ep_rew_mean          | 225       |
| time/                   |           |
|    fps                  | 2018      |
|    iterations           | 102       |
|    time_elapsed         | 827       |
|    total_timesteps      | 1671168   |
| train/                  |           |
|    approx_kl            | 0.3827881 |
|    clip_fraction        | 0.201     |
|    clip_range           | 0.2       |
|    entropy_loss         | -4.89     |
|    explained_variance   | 0.995     |
|    learning_rate        | 0.0003    |
|    loss                 | -0.0257   |
|    n_updates            | 1010      |
|    policy_gradient_loss | 0.00622   |
|    std                  | 0.862     |
|    value_loss           | 0.000229  |
---------------------------------------
---------------------------------------
| rollout/                |           |
|    ep_len_mean          | 5.23e+03  |
|    ep_rew_mean          | 256       |
| time/                   |           |
|    fps                  | 2014      |
|    iterations           | 103       |
|    time_elapsed         | 837       |
|    total_timesteps      | 1687552   |
| train/                  |           |
|    approx_kl            | 0.6883965 |
|    clip_fraction        | 0.184     |
|    clip_range           | 0.2       |
|    entropy_loss         | -4.83     |
|    explained_variance   | 0.996     |
|    learning_rate        | 0.0003    |
|    loss                 | -0.0362   |
|    n_updates            | 1020      |
|    policy_gradient_loss | 0.000357  |
|    std                  | 0.85      |
|    value_loss           | 0.000213  |
---------------------------------------
--------------------------------------
| rollout/                |          |
|    ep_len_mean          | 5.23e+03 |
|    ep_rew_mean          | 257      |
| time/                   |          |
|    fps                  | 2010     |
|    iterations           | 104      |
|    time_elapsed         | 847      |
|    total_timesteps      | 1703936  |
| train/                  |          |
|    approx_kl            | 5.629095 |
|    clip_fraction        | 0.255    |
|    clip_range           | 0.2      |
|    entropy_loss         | -4.83    |
|    explained_variance   | 0.965    |
|    learning_rate        | 0.0003   |
|    loss                 | 0.00135  |
|    n_updates            | 1030     |
|    policy_gradient_loss | 0.0164   |
|    std                  | 0.853    |
|    value_loss           | 0.121    |
--------------------------------------
---------------------------------------
| rollout/                |           |
|    ep_len_mean          | 5.15e+03  |
|    ep_rew_mean          | 255       |
| time/                   |           |
|    fps                  | 2006      |
|    iterations           | 105       |
|    time_elapsed         | 857       |
|    total_timesteps      | 1720320   |
| train/                  |           |
|    approx_kl            | 3.3977606 |
|    clip_fraction        | 0.275     |
|    clip_range           | 0.2       |
|    entropy_loss         | -4.83     |
|    explained_variance   | 0.95      |
|    learning_rate        | 0.0003    |
|    loss                 | 0.195     |
|    n_updates            | 1040      |
|    policy_gradient_loss | 0.00231   |
|    std                  | 0.855     |
|    value_loss           | 0.332     |
---------------------------------------
----------------------------------------
| rollout/                |            |
|    ep_len_mean          | 5.13e+03   |
|    ep_rew_mean          | 256        |
| time/                   |            |
|    fps                  | 2003       |
|    iterations           | 106        |
|    time_elapsed         | 866        |
|    total_timesteps      | 1736704    |
| train/                  |            |
|    approx_kl            | 0.84351534 |
|    clip_fraction        | 0.21       |
|    clip_range           | 0.2        |
|    entropy_loss         | -4.83      |
|    explained_variance   | 0.883      |
|    learning_rate        | 0.0003     |
|    loss                 | 0.0378     |
|    n_updates            | 1050       |
|    policy_gradient_loss | 0.0216     |
|    std                  | 0.858      |
|    value_loss           | 0.381      |
----------------------------------------
----------------------------------------
| rollout/                |            |
|    ep_len_mean          | 5.13e+03   |
|    ep_rew_mean          | 256        |
| time/                   |            |
|    fps                  | 1999       |
|    iterations           | 107        |
|    time_elapsed         | 876        |
|    total_timesteps      | 1753088    |
| train/                  |            |
|    approx_kl            | 0.24285251 |
|    clip_fraction        | 0.162      |
|    clip_range           | 0.2        |
|    entropy_loss         | -4.86      |
|    explained_variance   | 0.89       |
|    learning_rate        | 0.0003     |
|    loss                 | 0.0382     |
|    n_updates            | 1060       |
|    policy_gradient_loss | -0.00441   |
|    std                  | 0.863      |
|    value_loss           | 0.212      |
----------------------------------------
Process ForkServerProcess-1:
Traceback (most recent call last):
  File "/usr/lib/python3.12/multiprocessing/process.py", line 314, in _bootstrap
    self.run()
  File "/usr/lib/python3.12/multiprocessing/process.py", line 108, in run
    self._target(*self._args, **self._kwargs)
  File "/home/eythan/Epitech/Drominator/.venv/lib/python3.12/site-packages/stable_baselines3/common/vec_env/subproc_vec_env.py", line 33, in _worker
    cmd, data = remote.recv()
                ^^^^^^^^^^^^^
  File "/usr/lib/python3.12/multiprocessing/connection.py", line 250, in recv
    buf = self._recv_bytes()
          ^^^^^^^^^^^^^^^^^^
  File "/usr/lib/python3.12/multiprocessing/connection.py", line 430, in _recv_bytes
    buf = self._recv(4)
          ^^^^^^^^^^^^^
  File "/usr/lib/python3.12/multiprocessing/connection.py", line 395, in _recv
    chunk = read(handle, remaining)
            ^^^^^^^^^^^^^^^^^^^^^^^
ConnectionResetError: [Errno 104] Connection reset by peer
